<?xml version="1.0" encoding="UTF-8"?>
<testng-results ignored="0" total="3" passed="3" failed="0" skipped="0">
  <reporter-output>
  </reporter-output>
  <suite started-at="2022-09-03T17:28:06 IST" name="Default suite" finished-at="2022-09-03T17:28:09 IST" duration-ms="3630">
    <groups>
    </groups>
    <test started-at="2022-09-03T17:28:06 IST" name="Default test" finished-at="2022-09-03T17:28:09 IST" duration-ms="3630">
      <class name="files.DynamicJson">
        <test-method signature="addBook(java.lang.String,java.lang.String)[pri:0, instance:files.DynamicJson@3bf9ce3e]" started-at="2022-09-03T17:28:06 IST" name="addBook" data-provider="BooksData" finished-at="2022-09-03T17:28:09 IST" duration-ms="3131" status="PASS">
          <params>
            <param index="0">
              <value>
                <![CDATA[aaaa]]>
              </value>
            </param>
            <param index="1">
              <value>
                <![CDATA[3432444]]>
              </value>
            </param>
          </params>
          <reporter-output>
          </reporter-output>
        </test-method> <!-- addBook -->
        <test-method signature="addBook(java.lang.String,java.lang.String)[pri:0, instance:files.DynamicJson@3bf9ce3e]" started-at="2022-09-03T17:28:09 IST" name="addBook" data-provider="BooksData" finished-at="2022-09-03T17:28:09 IST" duration-ms="189" status="PASS">
          <params>
            <param index="0">
              <value>
                <![CDATA[bbbbb]]>
              </value>
            </param>
            <param index="1">
              <value>
                <![CDATA[767676]]>
              </value>
            </param>
          </params>
          <reporter-output>
          </reporter-output>
        </test-method> <!-- addBook -->
        <test-method signature="addBook(java.lang.String,java.lang.String)[pri:0, instance:files.DynamicJson@3bf9ce3e]" started-at="2022-09-03T17:28:09 IST" name="addBook" data-provider="BooksData" finished-at="2022-09-03T17:28:09 IST" duration-ms="229" status="PASS">
          <params>
            <param index="0">
              <value>
                <![CDATA[hhhhh]]>
              </value>
            </param>
            <param index="1">
              <value>
                <![CDATA[785555]]>
              </value>
            </param>
          </params>
          <reporter-output>
          </reporter-output>
        </test-method> <!-- addBook -->
      </class> <!-- files.DynamicJson -->
    </test> <!-- Default test -->
  </suite> <!-- Default suite -->
</testng-results>
